CRITICAL - 2022-02-06 20:59:03 --> Attempt to read property "judul" on array
#0 C:\xampp\htdocs\ci4app\app\Views\News\list.php(136): CodeIgniter\Debug\Exceptions->errorHandler(2, 'Attempt to read...', 'C:\\xampp\\htdocs...', 136)
#1 C:\xampp\htdocs\ci4app\system\View\View.php(210): include('C:\\xampp\\htdocs...')
#2 C:\xampp\htdocs\ci4app\system\View\View.php(213): CodeIgniter\View\View->CodeIgniter\View\{closure}()
#3 C:\xampp\htdocs\ci4app\system\Common.php(1089): CodeIgniter\View\View->render('News/list', Array, true)
#4 C:\xampp\htdocs\ci4app\app\Controllers\News.php(86): view('News/list', Array)
#5 C:\xampp\htdocs\ci4app\system\CodeIgniter.php(825): App\Controllers\News->list()
#6 C:\xampp\htdocs\ci4app\system\CodeIgniter.php(412): CodeIgniter\CodeIgniter->runController(Object(App\Controllers\News))
#7 C:\xampp\htdocs\ci4app\system\CodeIgniter.php(320): CodeIgniter\CodeIgniter->handleRequest(NULL, Object(Config\Cache), false)
#8 C:\xampp\htdocs\ci4app\public\index.php(37): CodeIgniter\CodeIgniter->run()
#9 {main}
CRITICAL - 2022-02-06 21:03:36 --> Cannot use object of type stdClass as array
#0 C:\xampp\htdocs\ci4app\system\View\View.php(210): include()
#1 C:\xampp\htdocs\ci4app\system\View\View.php(213): CodeIgniter\View\View->CodeIgniter\View\{closure}()
#2 C:\xampp\htdocs\ci4app\system\Common.php(1089): CodeIgniter\View\View->render('News/list', Array, true)
#3 C:\xampp\htdocs\ci4app\app\Controllers\News.php(86): view('News/list', Array)
#4 C:\xampp\htdocs\ci4app\system\CodeIgniter.php(825): App\Controllers\News->list()
#5 C:\xampp\htdocs\ci4app\system\CodeIgniter.php(412): CodeIgniter\CodeIgniter->runController(Object(App\Controllers\News))
#6 C:\xampp\htdocs\ci4app\system\CodeIgniter.php(320): CodeIgniter\CodeIgniter->handleRequest(NULL, Object(Config\Cache), false)
#7 C:\xampp\htdocs\ci4app\public\index.php(37): CodeIgniter\CodeIgniter->run()
#8 {main}
