CRITICAL - 2022-02-08 22:44:09 --> Undefined array key "foto"
#0 C:\xampp\htdocs\ci4app\app\Views\News\detail.php(48): CodeIgniter\Debug\Exceptions->errorHandler(2, 'Undefined array...', 'C:\\xampp\\htdocs...', 48)
#1 C:\xampp\htdocs\ci4app\system\View\View.php(210): include('C:\\xampp\\htdocs...')
#2 C:\xampp\htdocs\ci4app\system\View\View.php(213): CodeIgniter\View\View->CodeIgniter\View\{closure}()
#3 C:\xampp\htdocs\ci4app\system\Common.php(1089): CodeIgniter\View\View->render('News/detail', Array, true)
#4 C:\xampp\htdocs\ci4app\app\Controllers\News.php(104): view('News/detail', Array)
#5 C:\xampp\htdocs\ci4app\system\CodeIgniter.php(825): App\Controllers\News->detail('eks-pimpinan-kp...')
#6 C:\xampp\htdocs\ci4app\system\CodeIgniter.php(412): CodeIgniter\CodeIgniter->runController(Object(App\Controllers\News))
#7 C:\xampp\htdocs\ci4app\system\CodeIgniter.php(320): CodeIgniter\CodeIgniter->handleRequest(NULL, Object(Config\Cache), false)
#8 C:\xampp\htdocs\ci4app\public\index.php(37): CodeIgniter\CodeIgniter->run()
#9 {main}
CRITICAL - 2022-02-08 22:46:29 --> Undefined array key "kategori"
#0 C:\xampp\htdocs\ci4app\app\Views\News\detail.php(64): CodeIgniter\Debug\Exceptions->errorHandler(2, 'Undefined array...', 'C:\\xampp\\htdocs...', 64)
#1 C:\xampp\htdocs\ci4app\system\View\View.php(210): include('C:\\xampp\\htdocs...')
#2 C:\xampp\htdocs\ci4app\system\View\View.php(213): CodeIgniter\View\View->CodeIgniter\View\{closure}()
#3 C:\xampp\htdocs\ci4app\system\Common.php(1089): CodeIgniter\View\View->render('News/detail', Array, true)
#4 C:\xampp\htdocs\ci4app\app\Controllers\News.php(105): view('News/detail', Array)
#5 C:\xampp\htdocs\ci4app\system\CodeIgniter.php(825): App\Controllers\News->detail('eks-pimpinan-kp...')
#6 C:\xampp\htdocs\ci4app\system\CodeIgniter.php(412): CodeIgniter\CodeIgniter->runController(Object(App\Controllers\News))
#7 C:\xampp\htdocs\ci4app\system\CodeIgniter.php(320): CodeIgniter\CodeIgniter->handleRequest(NULL, Object(Config\Cache), false)
#8 C:\xampp\htdocs\ci4app\public\index.php(37): CodeIgniter\CodeIgniter->run()
#9 {main}
CRITICAL - 2022-02-08 22:46:53 --> Undefined array key "kategori"
#0 C:\xampp\htdocs\ci4app\app\Views\News\detail.php(64): CodeIgniter\Debug\Exceptions->errorHandler(2, 'Undefined array...', 'C:\\xampp\\htdocs...', 64)
#1 C:\xampp\htdocs\ci4app\system\View\View.php(210): include('C:\\xampp\\htdocs...')
#2 C:\xampp\htdocs\ci4app\system\View\View.php(213): CodeIgniter\View\View->CodeIgniter\View\{closure}()
#3 C:\xampp\htdocs\ci4app\system\Common.php(1089): CodeIgniter\View\View->render('News/detail', Array, true)
#4 C:\xampp\htdocs\ci4app\app\Controllers\News.php(105): view('News/detail', Array)
#5 C:\xampp\htdocs\ci4app\system\CodeIgniter.php(825): App\Controllers\News->detail('eks-pimpinan-kp...')
#6 C:\xampp\htdocs\ci4app\system\CodeIgniter.php(412): CodeIgniter\CodeIgniter->runController(Object(App\Controllers\News))
#7 C:\xampp\htdocs\ci4app\system\CodeIgniter.php(320): CodeIgniter\CodeIgniter->handleRequest(NULL, Object(Config\Cache), false)
#8 C:\xampp\htdocs\ci4app\public\index.php(37): CodeIgniter\CodeIgniter->run()
#9 {main}
CRITICAL - 2022-02-08 22:48:33 --> Attempt to read property "kategori" on array
#0 C:\xampp\htdocs\ci4app\app\Views\News\detail.php(64): CodeIgniter\Debug\Exceptions->errorHandler(2, 'Attempt to read...', 'C:\\xampp\\htdocs...', 64)
#1 C:\xampp\htdocs\ci4app\system\View\View.php(210): include('C:\\xampp\\htdocs...')
#2 C:\xampp\htdocs\ci4app\system\View\View.php(213): CodeIgniter\View\View->CodeIgniter\View\{closure}()
#3 C:\xampp\htdocs\ci4app\system\Common.php(1089): CodeIgniter\View\View->render('News/detail', Array, true)
#4 C:\xampp\htdocs\ci4app\app\Controllers\News.php(105): view('News/detail', Array)
#5 C:\xampp\htdocs\ci4app\system\CodeIgniter.php(825): App\Controllers\News->detail('eks-pimpinan-kp...')
#6 C:\xampp\htdocs\ci4app\system\CodeIgniter.php(412): CodeIgniter\CodeIgniter->runController(Object(App\Controllers\News))
#7 C:\xampp\htdocs\ci4app\system\CodeIgniter.php(320): CodeIgniter\CodeIgniter->handleRequest(NULL, Object(Config\Cache), false)
#8 C:\xampp\htdocs\ci4app\public\index.php(37): CodeIgniter\CodeIgniter->run()
#9 {main}
CRITICAL - 2022-02-08 22:48:56 --> Undefined array key "kategori"
#0 C:\xampp\htdocs\ci4app\app\Views\News\detail.php(64): CodeIgniter\Debug\Exceptions->errorHandler(2, 'Undefined array...', 'C:\\xampp\\htdocs...', 64)
#1 C:\xampp\htdocs\ci4app\system\View\View.php(210): include('C:\\xampp\\htdocs...')
#2 C:\xampp\htdocs\ci4app\system\View\View.php(213): CodeIgniter\View\View->CodeIgniter\View\{closure}()
#3 C:\xampp\htdocs\ci4app\system\Common.php(1089): CodeIgniter\View\View->render('News/detail', Array, true)
#4 C:\xampp\htdocs\ci4app\app\Controllers\News.php(105): view('News/detail', Array)
#5 C:\xampp\htdocs\ci4app\system\CodeIgniter.php(825): App\Controllers\News->detail('eks-pimpinan-kp...')
#6 C:\xampp\htdocs\ci4app\system\CodeIgniter.php(412): CodeIgniter\CodeIgniter->runController(Object(App\Controllers\News))
#7 C:\xampp\htdocs\ci4app\system\CodeIgniter.php(320): CodeIgniter\CodeIgniter->handleRequest(NULL, Object(Config\Cache), false)
#8 C:\xampp\htdocs\ci4app\public\index.php(37): CodeIgniter\CodeIgniter->run()
#9 {main}
CRITICAL - 2022-02-08 22:53:24 --> Undefined variable $kategori
#0 C:\xampp\htdocs\ci4app\app\Views\News\detail.php(64): CodeIgniter\Debug\Exceptions->errorHandler(2, 'Undefined varia...', 'C:\\xampp\\htdocs...', 64)
#1 C:\xampp\htdocs\ci4app\system\View\View.php(210): include('C:\\xampp\\htdocs...')
#2 C:\xampp\htdocs\ci4app\system\View\View.php(213): CodeIgniter\View\View->CodeIgniter\View\{closure}()
#3 C:\xampp\htdocs\ci4app\system\Common.php(1089): CodeIgniter\View\View->render('News/detail', Array, true)
#4 C:\xampp\htdocs\ci4app\app\Controllers\News.php(105): view('News/detail', Array)
#5 C:\xampp\htdocs\ci4app\system\CodeIgniter.php(825): App\Controllers\News->detail('eks-pimpinan-kp...')
#6 C:\xampp\htdocs\ci4app\system\CodeIgniter.php(412): CodeIgniter\CodeIgniter->runController(Object(App\Controllers\News))
#7 C:\xampp\htdocs\ci4app\system\CodeIgniter.php(320): CodeIgniter\CodeIgniter->handleRequest(NULL, Object(Config\Cache), false)
#8 C:\xampp\htdocs\ci4app\public\index.php(37): CodeIgniter\CodeIgniter->run()
#9 {main}
CRITICAL - 2022-02-08 22:53:45 --> Undefined array key "kategori"
#0 C:\xampp\htdocs\ci4app\app\Views\News\detail.php(64): CodeIgniter\Debug\Exceptions->errorHandler(2, 'Undefined array...', 'C:\\xampp\\htdocs...', 64)
#1 C:\xampp\htdocs\ci4app\system\View\View.php(210): include('C:\\xampp\\htdocs...')
#2 C:\xampp\htdocs\ci4app\system\View\View.php(213): CodeIgniter\View\View->CodeIgniter\View\{closure}()
#3 C:\xampp\htdocs\ci4app\system\Common.php(1089): CodeIgniter\View\View->render('News/detail', Array, true)
#4 C:\xampp\htdocs\ci4app\app\Controllers\News.php(105): view('News/detail', Array)
#5 C:\xampp\htdocs\ci4app\system\CodeIgniter.php(825): App\Controllers\News->detail('eks-pimpinan-kp...')
#6 C:\xampp\htdocs\ci4app\system\CodeIgniter.php(412): CodeIgniter\CodeIgniter->runController(Object(App\Controllers\News))
#7 C:\xampp\htdocs\ci4app\system\CodeIgniter.php(320): CodeIgniter\CodeIgniter->handleRequest(NULL, Object(Config\Cache), false)
#8 C:\xampp\htdocs\ci4app\public\index.php(37): CodeIgniter\CodeIgniter->run()
#9 {main}
